app/build/intermediates/manifest_merge_blame_file/DevDebug/manifest-merger-blame-Dev-debug-report.txt
1<?xml version="1.0" encoding="utf-8"?>
2<manifest xmlns:android="http://schemas.android.com/apk/res/android"
3    package="com.radian.myradianvaluations"
4    android:versionCode="2"
5    android:versionName="1.0.7" >
6
7    <uses-sdk
8        android:minSdkVersion="21"
8-->src\main\AndroidManifest.xml
9        android:targetSdkVersion="30" />
9-->src\main\AndroidManifest.xml
10
11    <uses-permission android:name="android.permission.ACCESS_NETWORK_STATE" />
11-->src\main\AndroidManifest.xml:6:5-79
11-->src\main\AndroidManifest.xml:6:22-76
12    <uses-permission android:name="android.permission.INTERNET" />
12-->src\main\AndroidManifest.xml:7:5-67
12-->src\main\AndroidManifest.xml:7:22-64
13    <uses-permission android:name="android.permission.ACCESS_FINE_LOCATION" />
13-->src\main\AndroidManifest.xml:8:5-79
13-->src\main\AndroidManifest.xml:8:22-76
14    <uses-permission android:name="android.permission.CAMERA" />
14-->src\main\AndroidManifest.xml:9:5-65
14-->src\main\AndroidManifest.xml:9:22-62
15    <uses-permission android:name="android.permission.ACCESS_COARSE_LOCATION" />
15-->src\main\AndroidManifest.xml:10:5-81
15-->src\main\AndroidManifest.xml:10:22-78
16
17    <uses-feature android:name="android.hardware.camera" />
17-->src\main\AndroidManifest.xml:11:5-60
17-->src\main\AndroidManifest.xml:11:19-57
18
19    <uses-permission android:name="android.permission.WAKE_LOCK" />
19-->src\main\AndroidManifest.xml:12:5-68
19-->src\main\AndroidManifest.xml:12:22-65
20    <uses-permission android:name="android.permission.WRITE_EXTERNAL_STORAGE" />
20-->src\main\AndroidManifest.xml:13:5-81
20-->src\main\AndroidManifest.xml:13:22-78
21    <uses-permission android:name="android.permission.READ_EXTERNAL_STORAGE" />
21-->src\main\AndroidManifest.xml:14:5-80
21-->src\main\AndroidManifest.xml:14:22-77
22    <uses-permission android:name="android.permission.WRITE_CALENDAR" />
22-->src\main\AndroidManifest.xml:15:5-73
22-->src\main\AndroidManifest.xml:15:22-70
23    <uses-permission android:name="android.permission.READ_CALENDAR" />
23-->src\main\AndroidManifest.xml:16:5-72
23-->src\main\AndroidManifest.xml:16:22-69
24    <uses-permission android:name="android.permission.RECORD_AUDIO" />
24-->src\main\AndroidManifest.xml:17:5-71
24-->src\main\AndroidManifest.xml:17:22-68
25    <uses-permission android:name="android.permission.ACCESS_WIFI_STATE" />
25-->src\main\AndroidManifest.xml:18:5-76
25-->src\main\AndroidManifest.xml:18:22-73
26    <uses-permission android:name="android.permission.CALL_PHONE" />
26-->src\main\AndroidManifest.xml:19:5-69
26-->src\main\AndroidManifest.xml:19:22-66
27
28    <uses-feature
28-->[com.otaliastudios:cameraview:2.6.3] AndroidManifest.xml:24:5-26:36
29        android:name="android.hardware.camera.autofocus"
29-->[com.otaliastudios:cameraview:2.6.3] AndroidManifest.xml:25:9-57
30        android:required="false" />
30-->[com.otaliastudios:cameraview:2.6.3] AndroidManifest.xml:26:9-33
31    <uses-feature
31-->[com.otaliastudios:cameraview:2.6.3] AndroidManifest.xml:27:5-29:36
32        android:name="android.hardware.camera.front"
32-->[com.otaliastudios:cameraview:2.6.3] AndroidManifest.xml:28:9-53
33        android:required="false" />
33-->[com.otaliastudios:cameraview:2.6.3] AndroidManifest.xml:29:9-33
34    <uses-feature
34-->[com.otaliastudios:cameraview:2.6.3] AndroidManifest.xml:30:5-32:36
35        android:name="android.hardware.microphone"
35-->[com.otaliastudios:cameraview:2.6.3] AndroidManifest.xml:31:9-51
36        android:required="false" />
36-->[com.otaliastudios:cameraview:2.6.3] AndroidManifest.xml:32:9-33
37
38    <uses-permission android:name="android.permission.VIBRATE" />
38-->[com.wdullaer:materialdatetimepicker:4.2.3] AndroidManifest.xml:26:5-66
38-->[com.wdullaer:materialdatetimepicker:4.2.3] AndroidManifest.xml:26:22-63
39    <uses-permission android:name="com.google.android.finsky.permission.BIND_GET_INSTALL_REFERRER_SERVICE" /> <!-- Required by older versions of Google Play services to create IID tokens -->
39-->[com.google.android.gms:play-services-measurement:18.0.1] AndroidManifest.xml:26:5-110
39-->[com.google.android.gms:play-services-measurement:18.0.1] AndroidManifest.xml:26:22-107
40    <uses-permission android:name="com.google.android.c2dm.permission.RECEIVE" />
40-->[com.google.firebase:firebase-iid:20.2.3] AndroidManifest.xml:26:5-82
40-->[com.google.firebase:firebase-iid:20.2.3] AndroidManifest.xml:26:22-79
41
42    <application
42-->src\main\AndroidManifest.xml:21:5-88:19
43        android:allowBackup="false"
43-->src\main\AndroidManifest.xml:22:9-36
44        android:appComponentFactory="androidx.core.app.CoreComponentFactory"
44-->[androidx.core:core:1.3.2] AndroidManifest.xml:24:18-86
45        android:debuggable="true"
46        android:icon="@mipmap/ic_launcher"
46-->src\main\AndroidManifest.xml:23:9-43
47        android:label="@string/app_name"
47-->src\main\AndroidManifest.xml:24:9-41
48        android:requestLegacyExternalStorage="true"
48-->src\main\AndroidManifest.xml:25:9-52
49        android:roundIcon="@mipmap/ic_launcher_round"
49-->src\main\AndroidManifest.xml:26:9-54
50        android:supportsRtl="true"
50-->src\main\AndroidManifest.xml:27:9-35
51        android:testOnly="true"
52        android:theme="@style/AppTheme"
52-->src\main\AndroidManifest.xml:28:9-40
53        android:usesCleartextTraffic="true" >
53-->src\main\AndroidManifest.xml:29:9-44
54        <activity android:name="com.radian.myradianvaluations.view.activity.SplashActivity" >
54-->src\main\AndroidManifest.xml:31:9-37:20
54-->src\main\AndroidManifest.xml:31:19-63
55            <intent-filter>
55-->src\main\AndroidManifest.xml:32:13-36:29
56                <action android:name="android.intent.action.MAIN" />
56-->src\main\AndroidManifest.xml:33:17-69
56-->src\main\AndroidManifest.xml:33:25-66
57
58                <category android:name="android.intent.category.LAUNCHER" />
58-->src\main\AndroidManifest.xml:35:17-77
58-->src\main\AndroidManifest.xml:35:27-74
59            </intent-filter>
60        </activity>
61        <activity
61-->src\main\AndroidManifest.xml:38:9-40:52
62            android:name="com.radian.myradianvaluations.view.activity.LoginActivity"
62-->src\main\AndroidManifest.xml:39:13-56
63            android:screenOrientation="portrait" />
63-->src\main\AndroidManifest.xml:40:13-49
64        <activity
64-->src\main\AndroidManifest.xml:41:9-43:52
65            android:name="com.radian.myradianvaluations.view.activity.HelpTroubleActivity"
65-->src\main\AndroidManifest.xml:42:13-62
66            android:screenOrientation="portrait" />
66-->src\main\AndroidManifest.xml:43:13-49
67        <activity
67-->src\main\AndroidManifest.xml:44:9-46:52
68            android:name="com.radian.myradianvaluations.view.activity.PasscodeActivity"
68-->src\main\AndroidManifest.xml:45:13-59
69            android:screenOrientation="portrait" />
69-->src\main\AndroidManifest.xml:46:13-49
70        <activity
70-->src\main\AndroidManifest.xml:47:9-49:52
71            android:name="com.radian.myradianvaluations.view.activity.WebviewActivity"
71-->src\main\AndroidManifest.xml:48:13-58
72            android:screenOrientation="portrait" />
72-->src\main\AndroidManifest.xml:49:13-49
73        <activity
73-->src\main\AndroidManifest.xml:50:9-52:52
74            android:name="com.radian.myradianvaluations.view.activity.CodeofConductActivity"
74-->src\main\AndroidManifest.xml:51:13-64
75            android:screenOrientation="portrait" />
75-->src\main\AndroidManifest.xml:52:13-49
76        <activity
76-->src\main\AndroidManifest.xml:53:9-55:52
77            android:name="com.radian.myradianvaluations.view.activity.BottomNavigationActivity"
77-->src\main\AndroidManifest.xml:54:13-67
78            android:screenOrientation="portrait" />
78-->src\main\AndroidManifest.xml:55:13-49
79        <activity
79-->src\main\AndroidManifest.xml:56:9-59:63
80            android:name="com.radian.myradianvaluations.view.activity.CameraActivity"
80-->src\main\AndroidManifest.xml:57:13-57
81            android:screenOrientation="portrait"
81-->src\main\AndroidManifest.xml:58:13-49
82            android:windowSoftInputMode="stateAlwaysHidden" />
82-->src\main\AndroidManifest.xml:59:13-60
83        <activity
83-->src\main\AndroidManifest.xml:60:9-63:63
84            android:name="com.radian.myradianvaluations.view.activity.StepsActivity"
84-->src\main\AndroidManifest.xml:61:13-56
85            android:screenOrientation="portrait"
85-->src\main\AndroidManifest.xml:62:13-49
86            android:windowSoftInputMode="stateAlwaysHidden" />
86-->src\main\AndroidManifest.xml:63:13-60
87        <activity android:name="com.radian.myradianvaluations.view.activity.FaceDetectionActivity" />
87-->src\main\AndroidManifest.xml:64:9-73
87-->src\main\AndroidManifest.xml:64:19-70
88
89        <meta-data
89-->src\main\AndroidManifest.xml:66:9-68:36
90            android:name="com.google.firebase.ml.vision.DEPENDENCIES"
90-->src\main\AndroidManifest.xml:67:13-70
91            android:value="face" />
91-->src\main\AndroidManifest.xml:68:13-33
92        <meta-data
92-->src\main\AndroidManifest.xml:69:9-71:62
93            android:name="com.google.firebase.messaging.default_notification_icon"
93-->src\main\AndroidManifest.xml:70:13-83
94            android:resource="@mipmap/ic_stat_ic_launcher" />
94-->src\main\AndroidManifest.xml:71:13-59
95
96        <provider
97            android:name="androidx.core.content.FileProvider"
97-->src\main\AndroidManifest.xml:74:13-62
98            android:authorities="com.radian.myradianvaluations.provider"
98-->src\main\AndroidManifest.xml:75:13-60
99            android:exported="false"
99-->src\main\AndroidManifest.xml:76:13-37
100            android:grantUriPermissions="true" >
100-->src\main\AndroidManifest.xml:77:13-47
101            <meta-data
101-->src\main\AndroidManifest.xml:78:13-80:56
102                android:name="android.support.FILE_PROVIDER_PATHS"
102-->src\main\AndroidManifest.xml:79:17-67
103                android:resource="@xml/fileprovider" />
103-->src\main\AndroidManifest.xml:80:17-53
104        </provider>
105
106        <service android:name="com.radian.myradianvaluations.service.MyFirebaseMessagingService" >
106-->src\main\AndroidManifest.xml:82:9-87:19
106-->src\main\AndroidManifest.xml:82:18-68
107            <intent-filter>
107-->src\main\AndroidManifest.xml:83:13-86:29
108                <action android:name="com.google.firebase.MESSAGING_EVENT" />
108-->src\main\AndroidManifest.xml:84:17-78
108-->src\main\AndroidManifest.xml:84:25-75
109                <action android:name="com.google.firebase.INSTANCE_ID_EVENT" />
109-->src\main\AndroidManifest.xml:85:17-80
109-->src\main\AndroidManifest.xml:85:25-77
110            </intent-filter>
111        </service>
112        <service
112-->[com.google.firebase:firebase-crashlytics:17.1.1] AndroidManifest.xml:13:9-19:19
113            android:name="com.google.firebase.components.ComponentDiscoveryService"
113-->[com.google.firebase:firebase-crashlytics:17.1.1] AndroidManifest.xml:14:13-84
114            android:directBootAware="true"
114-->[com.google.firebase:firebase-common:19.3.0] AndroidManifest.xml:34:13-43
115            android:exported="false" >
115-->[com.google.firebase:firebase-crashlytics:17.1.1] AndroidManifest.xml:15:13-37
116            <meta-data
116-->[com.google.firebase:firebase-crashlytics:17.1.1] AndroidManifest.xml:16:13-18:85
117                android:name="com.google.firebase.components:com.google.firebase.crashlytics.CrashlyticsRegistrar"
117-->[com.google.firebase:firebase-crashlytics:17.1.1] AndroidManifest.xml:17:17-115
118                android:value="com.google.firebase.components.ComponentRegistrar" />
118-->[com.google.firebase:firebase-crashlytics:17.1.1] AndroidManifest.xml:18:17-82
119            <meta-data
119-->[com.google.firebase:firebase-messaging:20.2.3] AndroidManifest.xml:39:13-41:85
120                android:name="com.google.firebase.components:com.google.firebase.messaging.FirebaseMessagingRegistrar"
120-->[com.google.firebase:firebase-messaging:20.2.3] AndroidManifest.xml:40:17-119
121                android:value="com.google.firebase.components.ComponentRegistrar" />
121-->[com.google.firebase:firebase-messaging:20.2.3] AndroidManifest.xml:41:17-82
122            <meta-data
122-->[com.google.firebase:firebase-ml-vision:24.0.3] AndroidManifest.xml:12:13-14:85
123                android:name="com.google.firebase.components:com.google.firebase.ml.vision.VisionRegistrar"
123-->[com.google.firebase:firebase-ml-vision:24.0.3] AndroidManifest.xml:13:17-108
124                android:value="com.google.firebase.components.ComponentRegistrar" />
124-->[com.google.firebase:firebase-ml-vision:24.0.3] AndroidManifest.xml:14:17-82
125            <meta-data
125-->[com.google.android.gms:play-services-measurement-api:18.0.1] AndroidManifest.xml:30:13-32:85
126                android:name="com.google.firebase.components:com.google.firebase.analytics.connector.internal.AnalyticsConnectorRegistrar"
126-->[com.google.android.gms:play-services-measurement-api:18.0.1] AndroidManifest.xml:31:17-139
127                android:value="com.google.firebase.components.ComponentRegistrar" />
127-->[com.google.android.gms:play-services-measurement-api:18.0.1] AndroidManifest.xml:32:17-82
128            <meta-data
128-->[com.google.firebase:firebase-ml-common:22.1.1] AndroidManifest.xml:11:13-13:85
129                android:name="com.google.firebase.components:com.google.firebase.ml.common.CommonComponentRegistrar"
129-->[com.google.firebase:firebase-ml-common:22.1.1] AndroidManifest.xml:12:17-117
130                android:value="com.google.firebase.components.ComponentRegistrar" />
130-->[com.google.firebase:firebase-ml-common:22.1.1] AndroidManifest.xml:13:17-82
131            <meta-data
131-->[com.google.firebase:firebase-iid:20.2.3] AndroidManifest.xml:32:13-34:85
132                android:name="com.google.firebase.components:com.google.firebase.iid.Registrar"
132-->[com.google.firebase:firebase-iid:20.2.3] AndroidManifest.xml:33:17-96
133                android:value="com.google.firebase.components.ComponentRegistrar" />
133-->[com.google.firebase:firebase-iid:20.2.3] AndroidManifest.xml:34:17-82
134            <meta-data
134-->[com.google.firebase:firebase-datatransport:17.0.3] AndroidManifest.xml:28:13-30:85
135                android:name="com.google.firebase.components:com.google.firebase.datatransport.TransportRegistrar"
135-->[com.google.firebase:firebase-datatransport:17.0.3] AndroidManifest.xml:29:17-115
136                android:value="com.google.firebase.components.ComponentRegistrar" />
136-->[com.google.firebase:firebase-datatransport:17.0.3] AndroidManifest.xml:30:17-82
137            <meta-data
137-->[com.google.firebase:firebase-installations:16.3.2] AndroidManifest.xml:17:13-19:85
138                android:name="com.google.firebase.components:com.google.firebase.installations.FirebaseInstallationsRegistrar"
138-->[com.google.firebase:firebase-installations:16.3.2] AndroidManifest.xml:18:17-127
139                android:value="com.google.firebase.components.ComponentRegistrar" />
139-->[com.google.firebase:firebase-installations:16.3.2] AndroidManifest.xml:19:17-82
140        </service>
141
142        <activity
142-->[com.karumi:dexter:6.2.2] AndroidManifest.xml:27:9-29:72
143            android:name="com.karumi.dexter.DexterActivity"
143-->[com.karumi:dexter:6.2.2] AndroidManifest.xml:28:13-60
144            android:theme="@style/Dexter.Internal.Theme.Transparent" />
144-->[com.karumi:dexter:6.2.2] AndroidManifest.xml:29:13-69
145        <!--
146             FirebaseMessagingService performs security checks at runtime,
147             but set to not exported to explicitly avoid allowing another app to call it.
148        -->
149        <service
149-->[com.google.firebase:firebase-messaging:20.2.3] AndroidManifest.xml:28:9-35:19
150            android:name="com.google.firebase.messaging.FirebaseMessagingService"
150-->[com.google.firebase:firebase-messaging:20.2.3] AndroidManifest.xml:29:13-82
151            android:directBootAware="true"
151-->[com.google.firebase:firebase-messaging:20.2.3] AndroidManifest.xml:30:13-43
152            android:exported="false" >
152-->[com.google.firebase:firebase-messaging:20.2.3] AndroidManifest.xml:31:13-37
153            <intent-filter android:priority="-500" >
153-->[com.google.firebase:firebase-messaging:20.2.3] AndroidManifest.xml:32:13-34:29
153-->[com.google.firebase:firebase-messaging:20.2.3] AndroidManifest.xml:32:28-51
154                <action android:name="com.google.firebase.MESSAGING_EVENT" />
154-->src\main\AndroidManifest.xml:84:17-78
154-->src\main\AndroidManifest.xml:84:25-75
155            </intent-filter>
156        </service>
157        <service
157-->[es.voghdev.pdfviewpager:library:1.1.2] AndroidManifest.xml:12:9-15:19
158            android:name="es.voghdev.pdfviewpager.library.service.CopyAssetService"
158-->[es.voghdev.pdfviewpager:library:1.1.2] AndroidManifest.xml:13:13-84
159            android:exported="false" >
159-->[es.voghdev.pdfviewpager:library:1.1.2] AndroidManifest.xml:14:13-37
160        </service>
161
162        <receiver
162-->[com.google.android.gms:play-services-measurement:18.0.1] AndroidManifest.xml:29:9-33:20
163            android:name="com.google.android.gms.measurement.AppMeasurementReceiver"
163-->[com.google.android.gms:play-services-measurement:18.0.1] AndroidManifest.xml:30:13-85
164            android:enabled="true"
164-->[com.google.android.gms:play-services-measurement:18.0.1] AndroidManifest.xml:31:13-35
165            android:exported="false" >
165-->[com.google.android.gms:play-services-measurement:18.0.1] AndroidManifest.xml:32:13-37
166        </receiver>
167
168        <service
168-->[com.google.android.gms:play-services-measurement:18.0.1] AndroidManifest.xml:35:9-38:40
169            android:name="com.google.android.gms.measurement.AppMeasurementService"
169-->[com.google.android.gms:play-services-measurement:18.0.1] AndroidManifest.xml:36:13-84
170            android:enabled="true"
170-->[com.google.android.gms:play-services-measurement:18.0.1] AndroidManifest.xml:37:13-35
171            android:exported="false" />
171-->[com.google.android.gms:play-services-measurement:18.0.1] AndroidManifest.xml:38:13-37
172        <service
172-->[com.google.android.gms:play-services-measurement:18.0.1] AndroidManifest.xml:39:9-43:72
173            android:name="com.google.android.gms.measurement.AppMeasurementJobService"
173-->[com.google.android.gms:play-services-measurement:18.0.1] AndroidManifest.xml:40:13-87
174            android:enabled="true"
174-->[com.google.android.gms:play-services-measurement:18.0.1] AndroidManifest.xml:41:13-35
175            android:exported="false"
175-->[com.google.android.gms:play-services-measurement:18.0.1] AndroidManifest.xml:42:13-37
176            android:permission="android.permission.BIND_JOB_SERVICE" />
176-->[com.google.android.gms:play-services-measurement:18.0.1] AndroidManifest.xml:43:13-69
177
178        <receiver
178-->[com.google.firebase:firebase-iid:20.2.3] AndroidManifest.xml:37:9-44:20
179            android:name="com.google.firebase.iid.FirebaseInstanceIdReceiver"
179-->[com.google.firebase:firebase-iid:20.2.3] AndroidManifest.xml:38:13-78
180            android:exported="true"
180-->[com.google.firebase:firebase-iid:20.2.3] AndroidManifest.xml:39:13-36
181            android:permission="com.google.android.c2dm.permission.SEND" >
181-->[com.google.firebase:firebase-iid:20.2.3] AndroidManifest.xml:40:13-73
182            <intent-filter>
182-->[com.google.firebase:firebase-iid:20.2.3] AndroidManifest.xml:41:13-43:29
183                <action android:name="com.google.android.c2dm.intent.RECEIVE" />
183-->[com.google.firebase:firebase-iid:20.2.3] AndroidManifest.xml:42:17-81
183-->[com.google.firebase:firebase-iid:20.2.3] AndroidManifest.xml:42:25-78
184            </intent-filter>
185        </receiver>
186
187        <provider
187-->[com.google.firebase:firebase-common:19.3.0] AndroidManifest.xml:26:9-30:39
188            android:name="com.google.firebase.provider.FirebaseInitProvider"
188-->[com.google.firebase:firebase-common:19.3.0] AndroidManifest.xml:27:13-77
189            android:authorities="com.radian.myradianvaluations.firebaseinitprovider"
189-->[com.google.firebase:firebase-common:19.3.0] AndroidManifest.xml:28:13-72
190            android:exported="false"
190-->[com.google.firebase:firebase-common:19.3.0] AndroidManifest.xml:29:13-37
191            android:initOrder="100" />
191-->[com.google.firebase:firebase-common:19.3.0] AndroidManifest.xml:30:13-36
192
193        <activity
193-->[com.google.android.gms:play-services-base:17.0.0] AndroidManifest.xml:23:9-26:75
194            android:name="com.google.android.gms.common.api.GoogleApiActivity"
194-->[com.google.android.gms:play-services-base:17.0.0] AndroidManifest.xml:24:13-79
195            android:exported="false"
195-->[com.google.android.gms:play-services-base:17.0.0] AndroidManifest.xml:25:13-37
196            android:theme="@android:style/Theme.Translucent.NoTitleBar" />
196-->[com.google.android.gms:play-services-base:17.0.0] AndroidManifest.xml:26:13-72
197
198        <meta-data
198-->[com.google.android.gms:play-services-basement:17.0.0] AndroidManifest.xml:23:9-25:69
199            android:name="com.google.android.gms.version"
199-->[com.google.android.gms:play-services-basement:17.0.0] AndroidManifest.xml:24:13-58
200            android:value="@integer/google_play_services_version" />
200-->[com.google.android.gms:play-services-basement:17.0.0] AndroidManifest.xml:25:13-66
201
202        <provider
202-->[androidx.lifecycle:lifecycle-process:2.2.0] AndroidManifest.xml:25:9-29:43
203            android:name="androidx.lifecycle.ProcessLifecycleOwnerInitializer"
203-->[androidx.lifecycle:lifecycle-process:2.2.0] AndroidManifest.xml:26:13-79
204            android:authorities="com.radian.myradianvaluations.lifecycle-process"
204-->[androidx.lifecycle:lifecycle-process:2.2.0] AndroidManifest.xml:27:13-69
205            android:exported="false"
205-->[androidx.lifecycle:lifecycle-process:2.2.0] AndroidManifest.xml:28:13-37
206            android:multiprocess="true" />
206-->[androidx.lifecycle:lifecycle-process:2.2.0] AndroidManifest.xml:29:13-40
207
208        <service
208-->[com.google.android.datatransport:transport-backend-cct:2.3.0] AndroidManifest.xml:29:9-35:19
209            android:name="com.google.android.datatransport.runtime.backends.TransportBackendDiscovery"
209-->[com.google.android.datatransport:transport-backend-cct:2.3.0] AndroidManifest.xml:30:13-103
210            android:exported="false" >
210-->[com.google.android.datatransport:transport-backend-cct:2.3.0] AndroidManifest.xml:31:13-37
211            <meta-data
211-->[com.google.android.datatransport:transport-backend-cct:2.3.0] AndroidManifest.xml:32:13-34:39
212                android:name="backend:com.google.android.datatransport.cct.CctBackendFactory"
212-->[com.google.android.datatransport:transport-backend-cct:2.3.0] AndroidManifest.xml:33:17-94
213                android:value="cct" />
213-->[com.google.android.datatransport:transport-backend-cct:2.3.0] AndroidManifest.xml:34:17-36
214        </service>
215        <service
215-->[com.google.android.datatransport:transport-runtime:2.2.3] AndroidManifest.xml:26:9-30:19
216            android:name="com.google.android.datatransport.runtime.scheduling.jobscheduling.JobInfoSchedulerService"
216-->[com.google.android.datatransport:transport-runtime:2.2.3] AndroidManifest.xml:27:13-117
217            android:exported="false"
217-->[com.google.android.datatransport:transport-runtime:2.2.3] AndroidManifest.xml:28:13-37
218            android:permission="android.permission.BIND_JOB_SERVICE" >
218-->[com.google.android.datatransport:transport-runtime:2.2.3] AndroidManifest.xml:29:13-69
219        </service>
220
221        <receiver
221-->[com.google.android.datatransport:transport-runtime:2.2.3] AndroidManifest.xml:32:9-34:40
222            android:name="com.google.android.datatransport.runtime.scheduling.jobscheduling.AlarmManagerSchedulerBroadcastReceiver"
222-->[com.google.android.datatransport:transport-runtime:2.2.3] AndroidManifest.xml:33:13-132
223            android:exported="false" />
223-->[com.google.android.datatransport:transport-runtime:2.2.3] AndroidManifest.xml:34:13-37
224    </application>
225
226</manifest>